2026-05-25T22:47:45+08:00 - AuthController::login called - username=Chloemaranan222@gmail.conm
2026-05-25T22:47:45+08:00 - User::login no user found for username=Chloemaranan222@gmail.conm
2026-05-25T22:49:10+08:00 - AuthController::login called - username=chloemaranan
2026-05-25T22:49:10+08:00 - User::login success for user id=1
2026-05-25T22:49:28+08:00 - AuthController::login called - username=chloemaranan
2026-05-25T22:49:28+08:00 - User::login success for user id=1
2026-05-25T22:49:52+08:00 - AuthController::login called - username=admin
2026-05-25T22:49:52+08:00 - User::login no user found for username=admin
2026-05-25T22:54:40+08:00 - AuthController::login called - username=chloemaranan
2026-05-25T22:54:40+08:00 - User::login success for user id=1
2026-05-25T22:58:44+08:00 - AuthController::login called - username=chloemaranan
2026-05-25T22:58:44+08:00 - User::login success for user id=1
2026-05-25T23:22:23+08:00 - AuthController::login called - username=chloemaranan
2026-05-25T23:22:24+08:00 - User::login success for user id=1
2026-05-25T23:22:48+08:00 - AuthController::login called - username=chloemaranan
2026-05-25T23:22:48+08:00 - User::login success for user id=1
2026-05-25T23:24:29+08:00 - AuthController::login called - username=chloemaranan
2026-05-25T23:24:29+08:00 - User::login success for user id=1
2026-05-25T23:25:15+08:00 - AuthController::login called - username=chloemaranan
2026-05-25T23:25:16+08:00 - User::login success for user id=1
2026-05-25T23:25:28+08:00 - AuthController::login called - username=chloemaranan
2026-05-25T23:25:28+08:00 - User::login success for user id=1
2026-05-25T23:27:24+08:00 - AuthController::login called - username=chloemaranan
2026-05-25T23:27:25+08:00 - User::login success for user id=1
2026-05-25T23:32:45+08:00 - AuthController::login called - username=chloemaranan
2026-05-25T23:32:45+08:00 - User::login success for user id=1
2026-05-25T23:33:08+08:00 - AuthController::login called - username=chloemaranan
2026-05-25T23:33:08+08:00 - User::login success for user id=1
2026-05-25T23:35:30+08:00 - AuthController::login called - username=chloemaranan
2026-05-25T23:35:30+08:00 - User::login success for user id=1
2026-05-25T23:43:32+08:00 - User::login success for user id=2
2026-05-25T23:44:38+08:00 - AuthController::login called - username=admin
2026-05-25T23:44:38+08:00 - User::login success for user id=2
2026-05-25T23:45:20+08:00 - AuthController::login called - username=chloemaranan
2026-05-25T23:45:20+08:00 - User::login success for user id=1
2026-05-25T23:49:34+08:00 - AuthController::login called - username=admin
2026-05-25T23:49:34+08:00 - User::login success for user id=2
2026-05-26T00:08:02+08:00 - AuthController::login called - username=chloemaranan
2026-05-26T00:08:02+08:00 - User::login success for user id=1
2026-05-26T00:08:10+08:00 - AuthController::login called - username=admin
2026-05-26T00:08:10+08:00 - User::login success for user id=2
2026-05-26T00:08:30+08:00 - AuthController::login called - username=chloemaranan
2026-05-26T00:08:30+08:00 - User::login success for user id=1
2026-05-26T00:18:16+08:00 - AuthController::login called - username=admin
2026-05-26T00:18:16+08:00 - User::login success for user id=2
2026-05-26T00:22:02+08:00 - AuthController::login called - username=admin
2026-05-26T00:22:02+08:00 - User::login success for user id=2
2026-05-26T00:25:05+08:00 - AuthController::login called - username=geoff
2026-05-26T00:25:05+08:00 - User::login success for user id=53
2026-05-26T00:26:39+08:00 - AuthController::login called - username=admin
2026-05-26T00:26:39+08:00 - User::login success for user id=2
2026-05-26T00:58:43+08:00 - AuthController::login called - username=geoff
2026-05-26T00:58:44+08:00 - User::login success for user id=53
2026-05-26T17:12:58+08:00 - AuthController::login called - username=geoff
2026-05-26T17:12:59+08:00 - User::login success for user id=53
2026-05-26T17:13:21+08:00 - AuthController::login called - username=admin
2026-05-26T17:13:21+08:00 - User::login success for user id=2
2026-05-26T17:19:23+08:00 - AuthController::login called - username=chloemaranan
2026-05-26T17:19:23+08:00 - User::login success for user id=1
2026-05-26T17:20:46+08:00 - AuthController::login called - username=chloemaranan
2026-05-26T17:20:46+08:00 - User::login success for user id=1
2026-05-26T17:38:48+08:00 - AuthController::login called - username=chloemaranan
2026-05-26T17:38:48+08:00 - User::login success for user id=1
2026-05-26T17:39:33+08:00 - AuthController::login called - username=admin
2026-05-26T17:39:34+08:00 - User::login success for user id=2
2026-05-26T18:02:14+08:00 - AuthController::login called - username=chloemaranan
2026-05-26T18:02:15+08:00 - User::login success for user id=1
2026-05-26T18:10:50+08:00 - AuthController::login called - username=janis@gmail.com
2026-05-26T18:10:50+08:00 - User::login success for user id=54
2026-05-28T22:17:21+08:00 - AuthController::login called - username=chloemaranan
2026-05-28T22:17:21+08:00 - User::login success for user id=1
2026-05-28T22:19:20+08:00 - AuthController::login called - username=admin
2026-05-28T22:19:20+08:00 - User::login success for user id=2
2026-05-28T22:39:50+08:00 - AuthController::login called - username=chloemaranan
2026-05-28T22:39:50+08:00 - User::login success for user id=1
2026-05-29T22:56:55+08:00 - AuthController::login called - username=chloemaranan
2026-05-29T22:56:55+08:00 - User::login success for user id=1
2026-05-29T22:57:36+08:00 - AuthController::login called - username=chloemaranan
2026-05-29T22:57:37+08:00 - User::login success for user id=1
2026-05-29T22:58:07+08:00 - AuthController::login called - username=admin
2026-05-29T22:58:07+08:00 - User::login success for user id=2
2026-05-29T22:58:57+08:00 - AuthController::login called - username=chloemaranan
2026-05-29T22:58:57+08:00 - User::login success for user id=1
2026-05-29T22:59:59+08:00 - AuthController::login called - username=admin
2026-05-29T22:59:59+08:00 - User::login success for user id=2
2026-05-29T23:00:23+08:00 - AuthController::login called - username=chloemaranan
2026-05-29T23:00:23+08:00 - User::login success for user id=1
2026-05-29T23:18:00+08:00 - AuthController::login called - username=admin
2026-05-29T23:18:00+08:00 - User::login success for user id=2
2026-05-30T00:57:28+08:00 - AuthController::login called - username=chloe123
2026-05-30T00:57:29+08:00 - User::login success for user id=56
2026-05-30T00:58:53+08:00 - AuthController::login called - username=chloe123
2026-05-30T00:58:53+08:00 - User::login success for user id=56
2026-05-30T01:00:47+08:00 - AuthController::login called - username=admin
2026-05-30T01:00:47+08:00 - User::login success for user id=2
2026-05-30T01:01:16+08:00 - AuthController::login called - username=chloe123
2026-05-30T01:01:16+08:00 - User::login success for user id=56
2026-05-30T02:20:40+08:00 - AuthController::login called - username=chloe123
2026-05-30T02:20:40+08:00 - User::login success for user id=56
2026-05-30T02:23:04+08:00 - AuthController::login called - username=admin
2026-05-30T02:23:04+08:00 - User::login success for user id=2
2026-05-30T02:25:48+08:00 - AuthController::login called - username=chloe123
2026-05-30T02:25:48+08:00 - User::login success for user id=56
2026-05-30T02:27:37+08:00 - AuthController::login called - username=chloe123
2026-05-30T02:27:37+08:00 - User::login success for user id=56
2026-05-30T02:29:55+08:00 - AuthController::login called - username=admin
2026-05-30T02:29:55+08:00 - User::login success for user id=2
2026-05-30T02:33:44+08:00 - AuthController::login called - username=chloe123
2026-05-30T02:33:44+08:00 - User::login success for user id=56
2026-05-30T02:34:53+08:00 - AuthController::login called - username=admin
2026-05-30T02:34:53+08:00 - User::login success for user id=2
2026-05-30T02:43:12+08:00 - AuthController::login called - username=chloe123
2026-05-30T02:43:12+08:00 - User::login success for user id=56
2026-05-30T02:47:41+08:00 - AuthController::login called - username=admin
2026-05-30T02:47:41+08:00 - User::login success for user id=2
2026-05-30T02:54:08+08:00 - AuthController::login called - username=chloe123
2026-05-30T02:54:08+08:00 - User::login success for user id=56
2026-05-30T03:00:02+08:00 - AuthController::login called - username=chloe123
2026-05-30T03:00:02+08:00 - User::login success for user id=56
2026-05-30T03:00:24+08:00 - AuthController::login called - username=admin
2026-05-30T03:00:24+08:00 - User::login success for user id=2
2026-05-30T08:26:33+08:00 - AuthController::login called - username=andrei@gmail.com
2026-05-30T08:26:34+08:00 - User::login success for user id=57
2026-05-30T08:55:37+08:00 - AuthController::login called - username=jmlabag
2026-05-30T08:55:37+08:00 - User::login success for user id=58
2026-05-30T08:58:18+08:00 - AuthController::login called - username=admin
2026-05-30T08:58:18+08:00 - User::login success for user id=2
2026-05-30T09:07:19+08:00 - AuthController::login called - username=mrsmkdbasa
2026-05-30T09:07:19+08:00 - User::login no user found for username=mrsmkdbasa
